2022-01-18T17:09:22+00:00 CRITICAL Uncaught Error: Call to a member function is_type() on null in D:\wamp64\www\woocommerce3\wp-content\themes\woocommerce\inc\woocommerce.php:104
Stack trace:
#0 D:\wamp64\www\woocommerce3\wp-includes\class-wp-hook.php(303): wc_loop_add_to_cart_link(NULL, NULL, Array)
#1 D:\wamp64\www\woocommerce3\wp-includes\plugin.php(189): WP_Hook->apply_filters(NULL, Array)
#2 D:\wamp64\www\woocommerce3\wp-content\themes\woocommerce\woocommerce\cart\mini-cart.php(67): apply_filters('woocommerce_loo...', NULL, NULL, Array)
#3 D:\wamp64\www\woocommerce3\wp-content\plugins\woocommerce\includes\wc-core-functions.php(345): include('D:\\wamp64\\www\\w...')
#4 D:\wamp64\www\woocommerce3\wp-content\plugins\woocommerce\includes\wc-template-functions.php(2218): wc_get_template('cart/mini-cart....', Array)
#5 D:\wamp64\www\woocommerce3\wp-content\plugins\woocommerce\includes\class-wc-ajax.php(183): woocommerce_mini_cart()
#6 D:\wamp64\www\woocommerce3\wp-includes\class-wp-hook.php(303): WC_AJAX::get_refreshed_fragments('')
#7 D:\wamp6 in D:\wamp64\www\woocommerce3\wp-content\themes\woocommerce\inc\woocommerce.php on line 104

2022-01-18T17:12:33+00:00 CRITICAL Uncaught Error: Call to a member function is_type() on null in D:\wamp64\www\woocommerce3\wp-content\themes\woocommerce\inc\woocommerce.php:104
Stack trace:
#0 D:\wamp64\www\woocommerce3\wp-includes\class-wp-hook.php(303): wc_loop_add_to_cart_link(NULL, NULL, Array)
#1 D:\wamp64\www\woocommerce3\wp-includes\plugin.php(189): WP_Hook->apply_filters(NULL, Array)
#2 D:\wamp64\www\woocommerce3\wp-content\themes\woocommerce\woocommerce\cart\mini-cart.php(67): apply_filters('woocommerce_loo...', NULL, NULL, Array)
#3 D:\wamp64\www\woocommerce3\wp-content\plugins\woocommerce\includes\wc-core-functions.php(345): include('D:\\wamp64\\www\\w...')
#4 D:\wamp64\www\woocommerce3\wp-content\plugins\woocommerce\includes\wc-template-functions.php(2218): wc_get_template('cart/mini-cart....', Array)
#5 D:\wamp64\www\woocommerce3\wp-content\plugins\woocommerce\includes\class-wc-ajax.php(183): woocommerce_mini_cart()
#6 D:\wamp64\www\woocommerce3\wp-includes\class-wp-hook.php(303): WC_AJAX::get_refreshed_fragments('')
#7 D:\wamp6 in D:\wamp64\www\woocommerce3\wp-content\themes\woocommerce\inc\woocommerce.php on line 104

2022-01-18T17:13:17+00:00 CRITICAL Uncaught Error: Call to a member function is_type() on null in D:\wamp64\www\woocommerce3\wp-content\themes\woocommerce\inc\woocommerce.php:104
Stack trace:
#0 D:\wamp64\www\woocommerce3\wp-includes\class-wp-hook.php(303): wc_loop_add_to_cart_link(NULL, NULL, Array)
#1 D:\wamp64\www\woocommerce3\wp-includes\plugin.php(189): WP_Hook->apply_filters(NULL, Array)
#2 D:\wamp64\www\woocommerce3\wp-content\themes\woocommerce\woocommerce\cart\mini-cart.php(67): apply_filters('woocommerce_loo...', NULL, NULL, Array)
#3 D:\wamp64\www\woocommerce3\wp-content\plugins\woocommerce\includes\wc-core-functions.php(345): include('D:\\wamp64\\www\\w...')
#4 D:\wamp64\www\woocommerce3\wp-content\plugins\woocommerce\includes\wc-template-functions.php(2218): wc_get_template('cart/mini-cart....', Array)
#5 D:\wamp64\www\woocommerce3\wp-content\plugins\woocommerce\includes\class-wc-ajax.php(183): woocommerce_mini_cart()
#6 D:\wamp64\www\woocommerce3\wp-includes\class-wp-hook.php(303): WC_AJAX::get_refreshed_fragments('')
#7 D:\wamp6 in D:\wamp64\www\woocommerce3\wp-content\themes\woocommerce\inc\woocommerce.php on line 104

2022-01-18T17:13:33+00:00 CRITICAL Uncaught Error: Call to a member function is_type() on null in D:\wamp64\www\woocommerce3\wp-content\themes\woocommerce\inc\woocommerce.php:104
Stack trace:
#0 D:\wamp64\www\woocommerce3\wp-includes\class-wp-hook.php(303): wc_loop_add_to_cart_link(NULL, NULL, Array)
#1 D:\wamp64\www\woocommerce3\wp-includes\plugin.php(189): WP_Hook->apply_filters(NULL, Array)
#2 D:\wamp64\www\woocommerce3\wp-content\themes\woocommerce\woocommerce\cart\mini-cart.php(67): apply_filters('woocommerce_loo...', NULL, NULL, Array)
#3 D:\wamp64\www\woocommerce3\wp-content\plugins\woocommerce\includes\wc-core-functions.php(345): include('D:\\wamp64\\www\\w...')
#4 D:\wamp64\www\woocommerce3\wp-content\plugins\woocommerce\includes\wc-template-functions.php(2218): wc_get_template('cart/mini-cart....', Array)
#5 D:\wamp64\www\woocommerce3\wp-content\plugins\woocommerce\includes\class-wc-ajax.php(183): woocommerce_mini_cart()
#6 D:\wamp64\www\woocommerce3\wp-includes\class-wp-hook.php(303): WC_AJAX::get_refreshed_fragments('')
#7 D:\wamp6 in D:\wamp64\www\woocommerce3\wp-content\themes\woocommerce\inc\woocommerce.php on line 104

2022-01-18T17:13:45+00:00 CRITICAL Uncaught Error: Call to a member function is_type() on null in D:\wamp64\www\woocommerce3\wp-content\themes\woocommerce\inc\woocommerce.php:104
Stack trace:
#0 D:\wamp64\www\woocommerce3\wp-includes\class-wp-hook.php(303): wc_loop_add_to_cart_link(NULL, NULL, Array)
#1 D:\wamp64\www\woocommerce3\wp-includes\plugin.php(189): WP_Hook->apply_filters(NULL, Array)
#2 D:\wamp64\www\woocommerce3\wp-content\themes\woocommerce\woocommerce\cart\mini-cart.php(67): apply_filters('woocommerce_loo...', NULL, NULL, Array)
#3 D:\wamp64\www\woocommerce3\wp-content\plugins\woocommerce\includes\wc-core-functions.php(345): include('D:\\wamp64\\www\\w...')
#4 D:\wamp64\www\woocommerce3\wp-content\plugins\woocommerce\includes\wc-template-functions.php(2218): wc_get_template('cart/mini-cart....', Array)
#5 D:\wamp64\www\woocommerce3\wp-content\plugins\woocommerce\includes\class-wc-ajax.php(183): woocommerce_mini_cart()
#6 D:\wamp64\www\woocommerce3\wp-includes\class-wp-hook.php(303): WC_AJAX::get_refreshed_fragments('')
#7 D:\wamp6 in D:\wamp64\www\woocommerce3\wp-content\themes\woocommerce\inc\woocommerce.php on line 104

2022-01-18T17:14:16+00:00 CRITICAL Uncaught Error: Call to a member function is_type() on null in D:\wamp64\www\woocommerce3\wp-content\themes\woocommerce\inc\woocommerce.php:104
Stack trace:
#0 D:\wamp64\www\woocommerce3\wp-includes\class-wp-hook.php(303): wc_loop_add_to_cart_link(NULL, NULL, Array)
#1 D:\wamp64\www\woocommerce3\wp-includes\plugin.php(189): WP_Hook->apply_filters(NULL, Array)
#2 D:\wamp64\www\woocommerce3\wp-content\themes\woocommerce\woocommerce\cart\mini-cart.php(67): apply_filters('woocommerce_loo...', NULL, NULL, Array)
#3 D:\wamp64\www\woocommerce3\wp-content\plugins\woocommerce\includes\wc-core-functions.php(345): include('D:\\wamp64\\www\\w...')
#4 D:\wamp64\www\woocommerce3\wp-content\plugins\woocommerce\includes\wc-template-functions.php(2218): wc_get_template('cart/mini-cart....', Array)
#5 D:\wamp64\www\woocommerce3\wp-content\plugins\woocommerce\includes\class-wc-ajax.php(183): woocommerce_mini_cart()
#6 D:\wamp64\www\woocommerce3\wp-includes\class-wp-hook.php(303): WC_AJAX::get_refreshed_fragments('')
#7 D:\wamp6 in D:\wamp64\www\woocommerce3\wp-content\themes\woocommerce\inc\woocommerce.php on line 104

2022-01-18T17:14:43+00:00 CRITICAL Uncaught Error: Call to a member function is_type() on null in D:\wamp64\www\woocommerce3\wp-content\themes\woocommerce\inc\woocommerce.php:104
Stack trace:
#0 D:\wamp64\www\woocommerce3\wp-includes\class-wp-hook.php(303): wc_loop_add_to_cart_link(NULL, NULL, Array)
#1 D:\wamp64\www\woocommerce3\wp-includes\plugin.php(189): WP_Hook->apply_filters(NULL, Array)
#2 D:\wamp64\www\woocommerce3\wp-content\themes\woocommerce\woocommerce\cart\mini-cart.php(67): apply_filters('woocommerce_loo...', NULL, NULL, Array)
#3 D:\wamp64\www\woocommerce3\wp-content\plugins\woocommerce\includes\wc-core-functions.php(345): include('D:\\wamp64\\www\\w...')
#4 D:\wamp64\www\woocommerce3\wp-content\plugins\woocommerce\includes\wc-template-functions.php(2218): wc_get_template('cart/mini-cart....', Array)
#5 D:\wamp64\www\woocommerce3\wp-content\plugins\woocommerce\includes\class-wc-ajax.php(183): woocommerce_mini_cart()
#6 D:\wamp64\www\woocommerce3\wp-includes\class-wp-hook.php(303): WC_AJAX::get_refreshed_fragments('')
#7 D:\wamp6 in D:\wamp64\www\woocommerce3\wp-content\themes\woocommerce\inc\woocommerce.php on line 104

2022-01-18T17:15:06+00:00 CRITICAL Uncaught Error: Call to a member function is_type() on null in D:\wamp64\www\woocommerce3\wp-content\themes\woocommerce\inc\woocommerce.php:104
Stack trace:
#0 D:\wamp64\www\woocommerce3\wp-includes\class-wp-hook.php(303): wc_loop_add_to_cart_link(NULL, NULL, Array)
#1 D:\wamp64\www\woocommerce3\wp-includes\plugin.php(189): WP_Hook->apply_filters(NULL, Array)
#2 D:\wamp64\www\woocommerce3\wp-content\themes\woocommerce\woocommerce\cart\mini-cart.php(67): apply_filters('woocommerce_loo...', NULL, NULL, Array)
#3 D:\wamp64\www\woocommerce3\wp-content\plugins\woocommerce\includes\wc-core-functions.php(345): include('D:\\wamp64\\www\\w...')
#4 D:\wamp64\www\woocommerce3\wp-content\plugins\woocommerce\includes\wc-template-functions.php(2218): wc_get_template('cart/mini-cart....', Array)
#5 D:\wamp64\www\woocommerce3\wp-content\plugins\woocommerce\includes\class-wc-ajax.php(183): woocommerce_mini_cart()
#6 D:\wamp64\www\woocommerce3\wp-includes\class-wp-hook.php(303): WC_AJAX::get_refreshed_fragments('')
#7 D:\wamp6 in D:\wamp64\www\woocommerce3\wp-content\themes\woocommerce\inc\woocommerce.php on line 104

2022-01-18T17:15:12+00:00 CRITICAL Uncaught Error: Call to a member function is_type() on null in D:\wamp64\www\woocommerce3\wp-content\themes\woocommerce\inc\woocommerce.php:104
Stack trace:
#0 D:\wamp64\www\woocommerce3\wp-includes\class-wp-hook.php(303): wc_loop_add_to_cart_link(NULL, NULL, Array)
#1 D:\wamp64\www\woocommerce3\wp-includes\plugin.php(189): WP_Hook->apply_filters(NULL, Array)
#2 D:\wamp64\www\woocommerce3\wp-content\themes\woocommerce\woocommerce\cart\mini-cart.php(67): apply_filters('woocommerce_loo...', NULL, NULL, Array)
#3 D:\wamp64\www\woocommerce3\wp-content\plugins\woocommerce\includes\wc-core-functions.php(345): include('D:\\wamp64\\www\\w...')
#4 D:\wamp64\www\woocommerce3\wp-content\plugins\woocommerce\includes\wc-template-functions.php(2218): wc_get_template('cart/mini-cart....', Array)
#5 D:\wamp64\www\woocommerce3\wp-content\plugins\woocommerce\includes\class-wc-ajax.php(183): woocommerce_mini_cart()
#6 D:\wamp64\www\woocommerce3\wp-includes\class-wp-hook.php(303): WC_AJAX::get_refreshed_fragments('')
#7 D:\wamp6 in D:\wamp64\www\woocommerce3\wp-content\themes\woocommerce\inc\woocommerce.php on line 104

2022-01-18T17:15:51+00:00 CRITICAL Uncaught Error: Call to a member function is_type() on null in D:\wamp64\www\woocommerce3\wp-content\themes\woocommerce\inc\woocommerce.php:104
Stack trace:
#0 D:\wamp64\www\woocommerce3\wp-includes\class-wp-hook.php(303): wc_loop_add_to_cart_link(NULL, NULL, Array)
#1 D:\wamp64\www\woocommerce3\wp-includes\plugin.php(189): WP_Hook->apply_filters(NULL, Array)
#2 D:\wamp64\www\woocommerce3\wp-content\themes\woocommerce\woocommerce\cart\mini-cart.php(67): apply_filters('woocommerce_loo...', NULL, NULL, Array)
#3 D:\wamp64\www\woocommerce3\wp-content\plugins\woocommerce\includes\wc-core-functions.php(345): include('D:\\wamp64\\www\\w...')
#4 D:\wamp64\www\woocommerce3\wp-content\plugins\woocommerce\includes\wc-template-functions.php(2218): wc_get_template('cart/mini-cart....', Array)
#5 D:\wamp64\www\woocommerce3\wp-content\plugins\woocommerce\includes\class-wc-ajax.php(183): woocommerce_mini_cart()
#6 D:\wamp64\www\woocommerce3\wp-includes\class-wp-hook.php(303): WC_AJAX::get_refreshed_fragments('')
#7 D:\wamp6 in D:\wamp64\www\woocommerce3\wp-content\themes\woocommerce\inc\woocommerce.php on line 104

2022-01-18T17:18:12+00:00 CRITICAL Uncaught Error: Call to a member function is_type() on null in D:\wamp64\www\woocommerce3\wp-content\themes\woocommerce\inc\woocommerce.php:104
Stack trace:
#0 D:\wamp64\www\woocommerce3\wp-includes\class-wp-hook.php(303): wc_loop_add_to_cart_link(NULL, NULL, Array)
#1 D:\wamp64\www\woocommerce3\wp-includes\plugin.php(189): WP_Hook->apply_filters(NULL, Array)
#2 D:\wamp64\www\woocommerce3\wp-content\themes\woocommerce\woocommerce\cart\mini-cart.php(67): apply_filters('woocommerce_loo...', NULL, NULL, Array)
#3 D:\wamp64\www\woocommerce3\wp-content\plugins\woocommerce\includes\wc-core-functions.php(345): include('D:\\wamp64\\www\\w...')
#4 D:\wamp64\www\woocommerce3\wp-content\plugins\woocommerce\includes\wc-template-functions.php(2218): wc_get_template('cart/mini-cart....', Array)
#5 D:\wamp64\www\woocommerce3\wp-content\plugins\woocommerce\includes\class-wc-ajax.php(183): woocommerce_mini_cart()
#6 D:\wamp64\www\woocommerce3\wp-includes\class-wp-hook.php(303): WC_AJAX::get_refreshed_fragments('')
#7 D:\wamp6 in D:\wamp64\www\woocommerce3\wp-content\themes\woocommerce\inc\woocommerce.php on line 104

2022-01-18T17:19:39+00:00 CRITICAL Uncaught Error: Call to a member function is_type() on null in D:\wamp64\www\woocommerce3\wp-content\themes\woocommerce\inc\woocommerce.php:104
Stack trace:
#0 D:\wamp64\www\woocommerce3\wp-includes\class-wp-hook.php(303): wc_loop_add_to_cart_link(NULL, NULL, Array)
#1 D:\wamp64\www\woocommerce3\wp-includes\plugin.php(189): WP_Hook->apply_filters(NULL, Array)
#2 D:\wamp64\www\woocommerce3\wp-content\themes\woocommerce\woocommerce\cart\mini-cart.php(67): apply_filters('woocommerce_loo...', NULL, NULL, Array)
#3 D:\wamp64\www\woocommerce3\wp-content\plugins\woocommerce\includes\wc-core-functions.php(345): include('D:\\wamp64\\www\\w...')
#4 D:\wamp64\www\woocommerce3\wp-content\plugins\woocommerce\includes\wc-template-functions.php(2218): wc_get_template('cart/mini-cart....', Array)
#5 D:\wamp64\www\woocommerce3\wp-content\plugins\woocommerce\includes\class-wc-ajax.php(183): woocommerce_mini_cart()
#6 D:\wamp64\www\woocommerce3\wp-includes\class-wp-hook.php(303): WC_AJAX::get_refreshed_fragments('')
#7 D:\wamp6 in D:\wamp64\www\woocommerce3\wp-content\themes\woocommerce\inc\woocommerce.php on line 104

2022-01-18T17:20:54+00:00 CRITICAL Uncaught Error: Call to a member function is_type() on null in D:\wamp64\www\woocommerce3\wp-content\themes\woocommerce\inc\woocommerce.php:104
Stack trace:
#0 D:\wamp64\www\woocommerce3\wp-includes\class-wp-hook.php(303): wc_loop_add_to_cart_link(NULL, NULL, Array)
#1 D:\wamp64\www\woocommerce3\wp-includes\plugin.php(189): WP_Hook->apply_filters(NULL, Array)
#2 D:\wamp64\www\woocommerce3\wp-content\themes\woocommerce\woocommerce\cart\mini-cart.php(67): apply_filters('woocommerce_loo...', NULL, NULL, Array)
#3 D:\wamp64\www\woocommerce3\wp-content\plugins\woocommerce\includes\wc-core-functions.php(345): include('D:\\wamp64\\www\\w...')
#4 D:\wamp64\www\woocommerce3\wp-content\plugins\woocommerce\includes\wc-template-functions.php(2218): wc_get_template('cart/mini-cart....', Array)
#5 D:\wamp64\www\woocommerce3\wp-content\plugins\woocommerce\includes\class-wc-ajax.php(183): woocommerce_mini_cart()
#6 D:\wamp64\www\woocommerce3\wp-includes\class-wp-hook.php(303): WC_AJAX::get_refreshed_fragments('')
#7 D:\wamp6 in D:\wamp64\www\woocommerce3\wp-content\themes\woocommerce\inc\woocommerce.php on line 104

2022-01-18T17:20:59+00:00 CRITICAL Uncaught Error: Call to a member function is_type() on null in D:\wamp64\www\woocommerce3\wp-content\themes\woocommerce\inc\woocommerce.php:104
Stack trace:
#0 D:\wamp64\www\woocommerce3\wp-includes\class-wp-hook.php(303): wc_loop_add_to_cart_link(NULL, NULL, Array)
#1 D:\wamp64\www\woocommerce3\wp-includes\plugin.php(189): WP_Hook->apply_filters(NULL, Array)
#2 D:\wamp64\www\woocommerce3\wp-content\themes\woocommerce\woocommerce\cart\mini-cart.php(67): apply_filters('woocommerce_loo...', NULL, NULL, Array)
#3 D:\wamp64\www\woocommerce3\wp-content\plugins\woocommerce\includes\wc-core-functions.php(345): include('D:\\wamp64\\www\\w...')
#4 D:\wamp64\www\woocommerce3\wp-content\plugins\woocommerce\includes\wc-template-functions.php(2218): wc_get_template('cart/mini-cart....', Array)
#5 D:\wamp64\www\woocommerce3\wp-content\plugins\woocommerce\includes\class-wc-ajax.php(183): woocommerce_mini_cart()
#6 D:\wamp64\www\woocommerce3\wp-includes\class-wp-hook.php(303): WC_AJAX::get_refreshed_fragments('')
#7 D:\wamp6 in D:\wamp64\www\woocommerce3\wp-content\themes\woocommerce\inc\woocommerce.php on line 104

2022-01-18T17:23:53+00:00 CRITICAL Uncaught Error: Call to a member function is_type() on null in D:\wamp64\www\woocommerce3\wp-content\themes\woocommerce\inc\woocommerce.php:116
Stack trace:
#0 D:\wamp64\www\woocommerce3\wp-includes\class-wp-hook.php(303): wc_loop_add_to_cart_link(NULL, NULL, Array)
#1 D:\wamp64\www\woocommerce3\wp-includes\plugin.php(189): WP_Hook->apply_filters(NULL, Array)
#2 D:\wamp64\www\woocommerce3\wp-content\themes\woocommerce\woocommerce\cart\mini-cart.php(67): apply_filters('woocommerce_loo...', NULL, NULL, Array)
#3 D:\wamp64\www\woocommerce3\wp-content\plugins\woocommerce\includes\wc-core-functions.php(345): include('D:\\wamp64\\www\\w...')
#4 D:\wamp64\www\woocommerce3\wp-content\plugins\woocommerce\includes\wc-template-functions.php(2218): wc_get_template('cart/mini-cart....', Array)
#5 D:\wamp64\www\woocommerce3\wp-content\plugins\woocommerce\includes\class-wc-ajax.php(183): woocommerce_mini_cart()
#6 D:\wamp64\www\woocommerce3\wp-includes\class-wp-hook.php(303): WC_AJAX::get_refreshed_fragments('')
#7 D:\wamp6 in D:\wamp64\www\woocommerce3\wp-content\themes\woocommerce\inc\woocommerce.php on line 116

2022-01-18T17:24:17+00:00 CRITICAL Uncaught Error: Call to a member function is_type() on null in D:\wamp64\www\woocommerce3\wp-content\themes\woocommerce\inc\woocommerce.php:116
Stack trace:
#0 D:\wamp64\www\woocommerce3\wp-includes\class-wp-hook.php(303): wc_loop_add_to_cart_link(NULL, NULL, Array)
#1 D:\wamp64\www\woocommerce3\wp-includes\plugin.php(189): WP_Hook->apply_filters(NULL, Array)
#2 D:\wamp64\www\woocommerce3\wp-content\themes\woocommerce\woocommerce\cart\mini-cart.php(67): apply_filters('woocommerce_loo...', NULL, NULL, Array)
#3 D:\wamp64\www\woocommerce3\wp-content\plugins\woocommerce\includes\wc-core-functions.php(345): include('D:\\wamp64\\www\\w...')
#4 D:\wamp64\www\woocommerce3\wp-content\plugins\woocommerce\includes\wc-template-functions.php(2218): wc_get_template('cart/mini-cart....', Array)
#5 D:\wamp64\www\woocommerce3\wp-content\plugins\woocommerce\includes\class-wc-ajax.php(183): woocommerce_mini_cart()
#6 D:\wamp64\www\woocommerce3\wp-includes\class-wp-hook.php(303): WC_AJAX::get_refreshed_fragments('')
#7 D:\wamp6 in D:\wamp64\www\woocommerce3\wp-content\themes\woocommerce\inc\woocommerce.php on line 116

2022-01-18T17:41:14+00:00 CRITICAL Uncaught Error: Call to a member function is_type() on null in D:\wamp64\www\woocommerce3\wp-content\themes\woocommerce\inc\woocommerce.php:105
Stack trace:
#0 D:\wamp64\www\woocommerce3\wp-includes\class-wp-hook.php(303): wc_loop_add_to_cart_link(NULL, NULL, Array)
#1 D:\wamp64\www\woocommerce3\wp-includes\plugin.php(189): WP_Hook->apply_filters(NULL, Array)
#2 D:\wamp64\www\woocommerce3\wp-content\themes\woocommerce\woocommerce\cart\mini-cart.php(67): apply_filters('woocommerce_loo...', NULL, NULL, Array)
#3 D:\wamp64\www\woocommerce3\wp-content\plugins\woocommerce\includes\wc-core-functions.php(345): include('D:\\wamp64\\www\\w...')
#4 D:\wamp64\www\woocommerce3\wp-content\plugins\woocommerce\includes\wc-template-functions.php(2218): wc_get_template('cart/mini-cart....', Array)
#5 D:\wamp64\www\woocommerce3\wp-content\plugins\woocommerce\includes\class-wc-ajax.php(183): woocommerce_mini_cart()
#6 D:\wamp64\www\woocommerce3\wp-includes\class-wp-hook.php(303): WC_AJAX::get_refreshed_fragments('')
#7 D:\wamp6 in D:\wamp64\www\woocommerce3\wp-content\themes\woocommerce\inc\woocommerce.php on line 105

2022-01-18T17:43:46+00:00 CRITICAL Uncaught Error: Call to a member function get_cart() on null in D:\wamp64\www\woocommerce3\wp-content\themes\woocommerce\functions.php:212
Stack trace:
#0 D:\wamp64\www\woocommerce3\wp-settings.php(546): include()
#1 D:\wamp64\www\woocommerce3\wp-config.php(96): require_once('D:\\wamp64\\www\\w...')
#2 D:\wamp64\www\woocommerce3\wp-load.php(50): require_once('D:\\wamp64\\www\\w...')
#3 D:\wamp64\www\woocommerce3\wp-blog-header.php(13): require_once('D:\\wamp64\\www\\w...')
#4 D:\wamp64\www\woocommerce3\index.php(17): require('D:\\wamp64\\www\\w...')
#5 {main}
  thrown in D:\wamp64\www\woocommerce3\wp-content\themes\woocommerce\functions.php on line 212

2022-01-18T17:44:56+00:00 CRITICAL Uncaught Error: Call to a member function get_cart() on null in D:\wamp64\www\woocommerce3\wp-content\themes\woocommerce\functions.php:212
Stack trace:
#0 D:\wamp64\www\woocommerce3\wp-settings.php(546): include()
#1 D:\wamp64\www\woocommerce3\wp-config.php(96): require_once('D:\\wamp64\\www\\w...')
#2 D:\wamp64\www\woocommerce3\wp-load.php(50): require_once('D:\\wamp64\\www\\w...')
#3 D:\wamp64\www\woocommerce3\wp-blog-header.php(13): require_once('D:\\wamp64\\www\\w...')
#4 D:\wamp64\www\woocommerce3\index.php(17): require('D:\\wamp64\\www\\w...')
#5 {main}
  thrown in D:\wamp64\www\woocommerce3\wp-content\themes\woocommerce\functions.php on line 212

2022-01-18T17:45:17+00:00 CRITICAL Uncaught Error: Call to a member function get_cart() on null in D:\wamp64\www\woocommerce3\wp-content\themes\woocommerce\functions.php:212
Stack trace:
#0 D:\wamp64\www\woocommerce3\wp-settings.php(546): include()
#1 D:\wamp64\www\woocommerce3\wp-config.php(96): require_once('D:\\wamp64\\www\\w...')
#2 D:\wamp64\www\woocommerce3\wp-load.php(50): require_once('D:\\wamp64\\www\\w...')
#3 D:\wamp64\www\woocommerce3\wp-admin\admin-ajax.php(22): require_once('D:\\wamp64\\www\\w...')
#4 {main}
  thrown in D:\wamp64\www\woocommerce3\wp-content\themes\woocommerce\functions.php on line 212

2022-01-18T17:46:54+00:00 CRITICAL Uncaught Error: Using $this when not in object context in D:\wamp64\www\woocommerce3\wp-content\plugins\woocommerce\includes\class-wc-cart.php:602
Stack trace:
#0 D:\wamp64\www\woocommerce3\wp-content\themes\woocommerce\functions.php(210): WC_Cart::get_cart()
#1 D:\wamp64\www\woocommerce3\wp-settings.php(546): include('D:\\wamp64\\www\\w...')
#2 D:\wamp64\www\woocommerce3\wp-config.php(96): require_once('D:\\wamp64\\www\\w...')
#3 D:\wamp64\www\woocommerce3\wp-load.php(50): require_once('D:\\wamp64\\www\\w...')
#4 D:\wamp64\www\woocommerce3\wp-blog-header.php(13): require_once('D:\\wamp64\\www\\w...')
#5 D:\wamp64\www\woocommerce3\index.php(17): require('D:\\wamp64\\www\\w...')
#6 {main}
  thrown in D:\wamp64\www\woocommerce3\wp-content\plugins\woocommerce\includes\class-wc-cart.php on line 602

2022-01-18T17:47:13+00:00 CRITICAL Uncaught Error: Using $this when not in object context in D:\wamp64\www\woocommerce3\wp-content\plugins\woocommerce\includes\class-wc-cart.php:602
Stack trace:
#0 D:\wamp64\www\woocommerce3\wp-content\themes\woocommerce\functions.php(210): WC_Cart::get_cart()
#1 D:\wamp64\www\woocommerce3\wp-settings.php(546): include('D:\\wamp64\\www\\w...')
#2 D:\wamp64\www\woocommerce3\wp-config.php(96): require_once('D:\\wamp64\\www\\w...')
#3 D:\wamp64\www\woocommerce3\wp-load.php(50): require_once('D:\\wamp64\\www\\w...')
#4 D:\wamp64\www\woocommerce3\wp-blog-header.php(13): require_once('D:\\wamp64\\www\\w...')
#5 D:\wamp64\www\woocommerce3\index.php(17): require('D:\\wamp64\\www\\w...')
#6 {main}
  thrown in D:\wamp64\www\woocommerce3\wp-content\plugins\woocommerce\includes\class-wc-cart.php on line 602

2022-01-18T17:47:17+00:00 CRITICAL Uncaught Error: Using $this when not in object context in D:\wamp64\www\woocommerce3\wp-content\plugins\woocommerce\includes\class-wc-cart.php:602
Stack trace:
#0 D:\wamp64\www\woocommerce3\wp-content\themes\woocommerce\functions.php(210): WC_Cart::get_cart()
#1 D:\wamp64\www\woocommerce3\wp-settings.php(546): include('D:\\wamp64\\www\\w...')
#2 D:\wamp64\www\woocommerce3\wp-config.php(96): require_once('D:\\wamp64\\www\\w...')
#3 D:\wamp64\www\woocommerce3\wp-load.php(50): require_once('D:\\wamp64\\www\\w...')
#4 D:\wamp64\www\woocommerce3\wp-admin\admin-ajax.php(22): require_once('D:\\wamp64\\www\\w...')
#5 {main}
  thrown in D:\wamp64\www\woocommerce3\wp-content\plugins\woocommerce\includes\class-wc-cart.php on line 602

2022-01-18T17:48:11+00:00 CRITICAL Uncaught Error: Call to a member function is_type() on null in D:\wamp64\www\woocommerce3\wp-content\themes\woocommerce\inc\woocommerce.php:105
Stack trace:
#0 D:\wamp64\www\woocommerce3\wp-includes\class-wp-hook.php(303): wc_loop_add_to_cart_link(NULL, NULL, Array)
#1 D:\wamp64\www\woocommerce3\wp-includes\plugin.php(189): WP_Hook->apply_filters(NULL, Array)
#2 D:\wamp64\www\woocommerce3\wp-content\themes\woocommerce\woocommerce\cart\mini-cart.php(67): apply_filters('woocommerce_loo...', NULL, NULL, Array)
#3 D:\wamp64\www\woocommerce3\wp-content\plugins\woocommerce\includes\wc-core-functions.php(345): include('D:\\wamp64\\www\\w...')
#4 D:\wamp64\www\woocommerce3\wp-content\plugins\woocommerce\includes\wc-template-functions.php(2218): wc_get_template('cart/mini-cart....', Array)
#5 D:\wamp64\www\woocommerce3\wp-content\plugins\woocommerce\includes\class-wc-ajax.php(183): woocommerce_mini_cart()
#6 D:\wamp64\www\woocommerce3\wp-includes\class-wp-hook.php(303): WC_AJAX::get_refreshed_fragments('')
#7 D:\wamp6 in D:\wamp64\www\woocommerce3\wp-content\themes\woocommerce\inc\woocommerce.php on line 105

2022-01-18T17:48:20+00:00 CRITICAL Uncaught Error: Call to a member function is_type() on null in D:\wamp64\www\woocommerce3\wp-content\themes\woocommerce\inc\woocommerce.php:105
Stack trace:
#0 D:\wamp64\www\woocommerce3\wp-includes\class-wp-hook.php(303): wc_loop_add_to_cart_link(NULL, NULL, Array)
#1 D:\wamp64\www\woocommerce3\wp-includes\plugin.php(189): WP_Hook->apply_filters(NULL, Array)
#2 D:\wamp64\www\woocommerce3\wp-content\themes\woocommerce\woocommerce\cart\mini-cart.php(67): apply_filters('woocommerce_loo...', NULL, NULL, Array)
#3 D:\wamp64\www\woocommerce3\wp-content\plugins\woocommerce\includes\wc-core-functions.php(345): include('D:\\wamp64\\www\\w...')
#4 D:\wamp64\www\woocommerce3\wp-content\plugins\woocommerce\includes\wc-template-functions.php(2218): wc_get_template('cart/mini-cart....', Array)
#5 D:\wamp64\www\woocommerce3\wp-content\plugins\woocommerce\includes\class-wc-ajax.php(183): woocommerce_mini_cart()
#6 D:\wamp64\www\woocommerce3\wp-includes\class-wp-hook.php(303): WC_AJAX::get_refreshed_fragments('')
#7 D:\wamp6 in D:\wamp64\www\woocommerce3\wp-content\themes\woocommerce\inc\woocommerce.php on line 105

2022-01-18T17:59:40+00:00 CRITICAL Uncaught Error: Call to a member function is_type() on null in D:\wamp64\www\woocommerce3\wp-content\themes\woocommerce\inc\woocommerce.php:105
Stack trace:
#0 D:\wamp64\www\woocommerce3\wp-includes\class-wp-hook.php(303): wc_loop_add_to_cart_link(NULL, NULL, Array)
#1 D:\wamp64\www\woocommerce3\wp-includes\plugin.php(189): WP_Hook->apply_filters(NULL, Array)
#2 D:\wamp64\www\woocommerce3\wp-content\themes\woocommerce\woocommerce\cart\mini-cart.php(67): apply_filters('woocommerce_loo...', NULL, NULL, Array)
#3 D:\wamp64\www\woocommerce3\wp-content\plugins\woocommerce\includes\wc-core-functions.php(345): include('D:\\wamp64\\www\\w...')
#4 D:\wamp64\www\woocommerce3\wp-content\plugins\woocommerce\includes\wc-template-functions.php(2218): wc_get_template('cart/mini-cart....', Array)
#5 D:\wamp64\www\woocommerce3\wp-content\plugins\woocommerce\includes\class-wc-ajax.php(183): woocommerce_mini_cart()
#6 D:\wamp64\www\woocommerce3\wp-includes\class-wp-hook.php(303): WC_AJAX::get_refreshed_fragments('')
#7 D:\wamp6 in D:\wamp64\www\woocommerce3\wp-content\themes\woocommerce\inc\woocommerce.php on line 105

2022-01-18T18:02:55+00:00 CRITICAL Uncaught Error: Call to a member function is_type() on null in D:\wamp64\www\woocommerce3\wp-content\themes\woocommerce\inc\woocommerce.php:105
Stack trace:
#0 D:\wamp64\www\woocommerce3\wp-includes\class-wp-hook.php(303): wc_loop_add_to_cart_link(NULL, NULL, Array)
#1 D:\wamp64\www\woocommerce3\wp-includes\plugin.php(189): WP_Hook->apply_filters(NULL, Array)
#2 D:\wamp64\www\woocommerce3\wp-content\themes\woocommerce\woocommerce\cart\mini-cart.php(67): apply_filters('woocommerce_loo...', NULL, NULL, Array)
#3 D:\wamp64\www\woocommerce3\wp-content\plugins\woocommerce\includes\wc-core-functions.php(345): include('D:\\wamp64\\www\\w...')
#4 D:\wamp64\www\woocommerce3\wp-content\plugins\woocommerce\includes\wc-template-functions.php(2218): wc_get_template('cart/mini-cart....', Array)
#5 D:\wamp64\www\woocommerce3\wp-content\plugins\woocommerce\includes\class-wc-ajax.php(183): woocommerce_mini_cart()
#6 D:\wamp64\www\woocommerce3\wp-includes\class-wp-hook.php(303): WC_AJAX::get_refreshed_fragments('')
#7 D:\wamp6 in D:\wamp64\www\woocommerce3\wp-content\themes\woocommerce\inc\woocommerce.php on line 105

2022-01-18T18:03:02+00:00 CRITICAL Uncaught Error: Call to a member function is_type() on null in D:\wamp64\www\woocommerce3\wp-content\themes\woocommerce\inc\woocommerce.php:105
Stack trace:
#0 D:\wamp64\www\woocommerce3\wp-includes\class-wp-hook.php(303): wc_loop_add_to_cart_link(NULL, NULL, Array)
#1 D:\wamp64\www\woocommerce3\wp-includes\plugin.php(189): WP_Hook->apply_filters(NULL, Array)
#2 D:\wamp64\www\woocommerce3\wp-content\themes\woocommerce\woocommerce\cart\mini-cart.php(67): apply_filters('woocommerce_loo...', NULL, NULL, Array)
#3 D:\wamp64\www\woocommerce3\wp-content\plugins\woocommerce\includes\wc-core-functions.php(345): include('D:\\wamp64\\www\\w...')
#4 D:\wamp64\www\woocommerce3\wp-content\plugins\woocommerce\includes\wc-template-functions.php(2218): wc_get_template('cart/mini-cart....', Array)
#5 D:\wamp64\www\woocommerce3\wp-content\plugins\woocommerce\includes\class-wc-ajax.php(183): woocommerce_mini_cart()
#6 D:\wamp64\www\woocommerce3\wp-includes\class-wp-hook.php(303): WC_AJAX::get_refreshed_fragments('')
#7 D:\wamp6 in D:\wamp64\www\woocommerce3\wp-content\themes\woocommerce\inc\woocommerce.php on line 105

2022-01-18T18:05:11+00:00 CRITICAL Uncaught Error: Call to a member function is_type() on null in D:\wamp64\www\woocommerce3\wp-content\themes\woocommerce\inc\woocommerce.php:105
Stack trace:
#0 D:\wamp64\www\woocommerce3\wp-includes\class-wp-hook.php(303): wc_loop_add_to_cart_link(NULL, NULL, Array)
#1 D:\wamp64\www\woocommerce3\wp-includes\plugin.php(189): WP_Hook->apply_filters(NULL, Array)
#2 D:\wamp64\www\woocommerce3\wp-content\themes\woocommerce\woocommerce\cart\mini-cart.php(67): apply_filters('woocommerce_loo...', NULL, NULL, Array)
#3 D:\wamp64\www\woocommerce3\wp-content\plugins\woocommerce\includes\wc-core-functions.php(345): include('D:\\wamp64\\www\\w...')
#4 D:\wamp64\www\woocommerce3\wp-content\plugins\woocommerce\includes\wc-template-functions.php(2218): wc_get_template('cart/mini-cart....', Array)
#5 D:\wamp64\www\woocommerce3\wp-content\plugins\woocommerce\includes\class-wc-ajax.php(183): woocommerce_mini_cart()
#6 D:\wamp64\www\woocommerce3\wp-includes\class-wp-hook.php(303): WC_AJAX::get_refreshed_fragments('')
#7 D:\wamp6 in D:\wamp64\www\woocommerce3\wp-content\themes\woocommerce\inc\woocommerce.php on line 105

2022-01-18T18:05:52+00:00 CRITICAL Uncaught Error: Call to a member function is_type() on null in D:\wamp64\www\woocommerce3\wp-content\themes\woocommerce\inc\woocommerce.php:105
Stack trace:
#0 D:\wamp64\www\woocommerce3\wp-includes\class-wp-hook.php(303): wc_loop_add_to_cart_link(NULL, NULL, Array)
#1 D:\wamp64\www\woocommerce3\wp-includes\plugin.php(189): WP_Hook->apply_filters(NULL, Array)
#2 D:\wamp64\www\woocommerce3\wp-content\themes\woocommerce\woocommerce\cart\mini-cart.php(67): apply_filters('woocommerce_loo...', NULL, NULL, Array)
#3 D:\wamp64\www\woocommerce3\wp-content\plugins\woocommerce\includes\wc-core-functions.php(345): include('D:\\wamp64\\www\\w...')
#4 D:\wamp64\www\woocommerce3\wp-content\plugins\woocommerce\includes\wc-template-functions.php(2218): wc_get_template('cart/mini-cart....', Array)
#5 D:\wamp64\www\woocommerce3\wp-content\plugins\woocommerce\includes\class-wc-ajax.php(183): woocommerce_mini_cart()
#6 D:\wamp64\www\woocommerce3\wp-includes\class-wp-hook.php(303): WC_AJAX::get_refreshed_fragments('')
#7 D:\wamp6 in D:\wamp64\www\woocommerce3\wp-content\themes\woocommerce\inc\woocommerce.php on line 105

2022-01-18T18:07:55+00:00 CRITICAL Uncaught Error: Call to a member function is_type() on null in D:\wamp64\www\woocommerce3\wp-content\themes\woocommerce\inc\woocommerce.php:105
Stack trace:
#0 D:\wamp64\www\woocommerce3\wp-includes\class-wp-hook.php(303): wc_loop_add_to_cart_link(NULL, NULL, Array)
#1 D:\wamp64\www\woocommerce3\wp-includes\plugin.php(189): WP_Hook->apply_filters(NULL, Array)
#2 D:\wamp64\www\woocommerce3\wp-content\themes\woocommerce\woocommerce\cart\mini-cart.php(67): apply_filters('woocommerce_loo...', NULL, NULL, Array)
#3 D:\wamp64\www\woocommerce3\wp-content\plugins\woocommerce\includes\wc-core-functions.php(345): include('D:\\wamp64\\www\\w...')
#4 D:\wamp64\www\woocommerce3\wp-content\plugins\woocommerce\includes\wc-template-functions.php(2218): wc_get_template('cart/mini-cart....', Array)
#5 D:\wamp64\www\woocommerce3\wp-content\plugins\woocommerce\includes\class-wc-ajax.php(183): woocommerce_mini_cart()
#6 D:\wamp64\www\woocommerce3\wp-includes\class-wp-hook.php(303): WC_AJAX::get_refreshed_fragments('')
#7 D:\wamp6 in D:\wamp64\www\woocommerce3\wp-content\themes\woocommerce\inc\woocommerce.php on line 105

2022-01-18T18:08:07+00:00 CRITICAL Uncaught Error: Call to a member function is_type() on null in D:\wamp64\www\woocommerce3\wp-content\themes\woocommerce\inc\woocommerce.php:105
Stack trace:
#0 D:\wamp64\www\woocommerce3\wp-includes\class-wp-hook.php(303): wc_loop_add_to_cart_link(NULL, NULL, Array)
#1 D:\wamp64\www\woocommerce3\wp-includes\plugin.php(189): WP_Hook->apply_filters(NULL, Array)
#2 D:\wamp64\www\woocommerce3\wp-content\themes\woocommerce\woocommerce\cart\mini-cart.php(67): apply_filters('woocommerce_loo...', NULL, NULL, Array)
#3 D:\wamp64\www\woocommerce3\wp-content\plugins\woocommerce\includes\wc-core-functions.php(345): include('D:\\wamp64\\www\\w...')
#4 D:\wamp64\www\woocommerce3\wp-content\plugins\woocommerce\includes\wc-template-functions.php(2218): wc_get_template('cart/mini-cart....', Array)
#5 D:\wamp64\www\woocommerce3\wp-content\plugins\woocommerce\includes\class-wc-ajax.php(183): woocommerce_mini_cart()
#6 D:\wamp64\www\woocommerce3\wp-includes\class-wp-hook.php(303): WC_AJAX::get_refreshed_fragments('')
#7 D:\wamp6 in D:\wamp64\www\woocommerce3\wp-content\themes\woocommerce\inc\woocommerce.php on line 105

2022-01-18T18:09:09+00:00 CRITICAL Uncaught Error: Call to a member function is_type() on null in D:\wamp64\www\woocommerce3\wp-content\themes\woocommerce\inc\woocommerce.php:105
Stack trace:
#0 D:\wamp64\www\woocommerce3\wp-includes\class-wp-hook.php(303): wc_loop_add_to_cart_link(NULL, NULL, Array)
#1 D:\wamp64\www\woocommerce3\wp-includes\plugin.php(189): WP_Hook->apply_filters(NULL, Array)
#2 D:\wamp64\www\woocommerce3\wp-content\themes\woocommerce\woocommerce\cart\mini-cart.php(67): apply_filters('woocommerce_loo...', NULL, NULL, Array)
#3 D:\wamp64\www\woocommerce3\wp-content\plugins\woocommerce\includes\wc-core-functions.php(345): include('D:\\wamp64\\www\\w...')
#4 D:\wamp64\www\woocommerce3\wp-content\plugins\woocommerce\includes\wc-template-functions.php(2218): wc_get_template('cart/mini-cart....', Array)
#5 D:\wamp64\www\woocommerce3\wp-content\plugins\woocommerce\includes\class-wc-ajax.php(183): woocommerce_mini_cart()
#6 D:\wamp64\www\woocommerce3\wp-includes\class-wp-hook.php(303): WC_AJAX::get_refreshed_fragments('')
#7 D:\wamp6 in D:\wamp64\www\woocommerce3\wp-content\themes\woocommerce\inc\woocommerce.php on line 105

2022-01-18T18:14:40+00:00 CRITICAL Uncaught Error: Call to a member function is_type() on null in D:\wamp64\www\woocommerce3\wp-content\themes\woocommerce\inc\woocommerce.php:108
Stack trace:
#0 D:\wamp64\www\woocommerce3\wp-includes\class-wp-hook.php(303): wc_loop_add_to_cart_link(NULL, NULL, Array)
#1 D:\wamp64\www\woocommerce3\wp-includes\plugin.php(189): WP_Hook->apply_filters(NULL, Array)
#2 D:\wamp64\www\woocommerce3\wp-content\themes\woocommerce\woocommerce\cart\mini-cart.php(67): apply_filters('woocommerce_loo...', NULL, NULL, Array)
#3 D:\wamp64\www\woocommerce3\wp-content\plugins\woocommerce\includes\wc-core-functions.php(345): include('D:\\wamp64\\www\\w...')
#4 D:\wamp64\www\woocommerce3\wp-content\plugins\woocommerce\includes\wc-template-functions.php(2218): wc_get_template('cart/mini-cart....', Array)
#5 D:\wamp64\www\woocommerce3\wp-content\plugins\woocommerce\includes\class-wc-ajax.php(183): woocommerce_mini_cart()
#6 D:\wamp64\www\woocommerce3\wp-includes\class-wp-hook.php(303): WC_AJAX::get_refreshed_fragments('')
#7 D:\wamp6 in D:\wamp64\www\woocommerce3\wp-content\themes\woocommerce\inc\woocommerce.php on line 108

2022-01-18T18:15:29+00:00 CRITICAL Uncaught Error: Call to a member function is_type() on null in D:\wamp64\www\woocommerce3\wp-content\themes\woocommerce\inc\woocommerce.php:108
Stack trace:
#0 D:\wamp64\www\woocommerce3\wp-includes\class-wp-hook.php(303): wc_loop_add_to_cart_link(NULL, NULL, Array)
#1 D:\wamp64\www\woocommerce3\wp-includes\plugin.php(189): WP_Hook->apply_filters(NULL, Array)
#2 D:\wamp64\www\woocommerce3\wp-content\themes\woocommerce\woocommerce\cart\mini-cart.php(67): apply_filters('woocommerce_loo...', NULL, NULL, Array)
#3 D:\wamp64\www\woocommerce3\wp-content\plugins\woocommerce\includes\wc-core-functions.php(345): include('D:\\wamp64\\www\\w...')
#4 D:\wamp64\www\woocommerce3\wp-content\plugins\woocommerce\includes\wc-template-functions.php(2218): wc_get_template('cart/mini-cart....', Array)
#5 D:\wamp64\www\woocommerce3\wp-content\plugins\woocommerce\includes\class-wc-ajax.php(183): woocommerce_mini_cart()
#6 D:\wamp64\www\woocommerce3\wp-includes\class-wp-hook.php(303): WC_AJAX::get_refreshed_fragments('')
#7 D:\wamp6 in D:\wamp64\www\woocommerce3\wp-content\themes\woocommerce\inc\woocommerce.php on line 108

2022-01-18T18:18:14+00:00 CRITICAL Uncaught Error: Call to a member function is_type() on null in D:\wamp64\www\woocommerce3\wp-content\themes\woocommerce\inc\woocommerce.php:108
Stack trace:
#0 D:\wamp64\www\woocommerce3\wp-includes\class-wp-hook.php(303): wc_loop_add_to_cart_link(NULL, NULL, Array)
#1 D:\wamp64\www\woocommerce3\wp-includes\plugin.php(189): WP_Hook->apply_filters(NULL, Array)
#2 D:\wamp64\www\woocommerce3\wp-content\themes\woocommerce\woocommerce\cart\mini-cart.php(67): apply_filters('woocommerce_loo...', NULL, NULL, Array)
#3 D:\wamp64\www\woocommerce3\wp-content\plugins\woocommerce\includes\wc-core-functions.php(345): include('D:\\wamp64\\www\\w...')
#4 D:\wamp64\www\woocommerce3\wp-content\plugins\woocommerce\includes\wc-template-functions.php(2218): wc_get_template('cart/mini-cart....', Array)
#5 D:\wamp64\www\woocommerce3\wp-content\plugins\woocommerce\includes\class-wc-ajax.php(183): woocommerce_mini_cart()
#6 D:\wamp64\www\woocommerce3\wp-includes\class-wp-hook.php(303): WC_AJAX::get_refreshed_fragments('')
#7 D:\wamp6 in D:\wamp64\www\woocommerce3\wp-content\themes\woocommerce\inc\woocommerce.php on line 108

2022-01-18T18:18:52+00:00 CRITICAL Uncaught Error: Call to a member function is_type() on null in D:\wamp64\www\woocommerce3\wp-content\themes\woocommerce\inc\woocommerce.php:108
Stack trace:
#0 D:\wamp64\www\woocommerce3\wp-includes\class-wp-hook.php(303): wc_loop_add_to_cart_link(NULL, NULL, Array)
#1 D:\wamp64\www\woocommerce3\wp-includes\plugin.php(189): WP_Hook->apply_filters(NULL, Array)
#2 D:\wamp64\www\woocommerce3\wp-content\themes\woocommerce\woocommerce\cart\mini-cart.php(67): apply_filters('woocommerce_loo...', NULL, NULL, Array)
#3 D:\wamp64\www\woocommerce3\wp-content\plugins\woocommerce\includes\wc-core-functions.php(345): include('D:\\wamp64\\www\\w...')
#4 D:\wamp64\www\woocommerce3\wp-content\plugins\woocommerce\includes\wc-template-functions.php(2218): wc_get_template('cart/mini-cart....', Array)
#5 D:\wamp64\www\woocommerce3\wp-content\plugins\woocommerce\includes\class-wc-ajax.php(183): woocommerce_mini_cart()
#6 D:\wamp64\www\woocommerce3\wp-includes\class-wp-hook.php(303): WC_AJAX::get_refreshed_fragments('')
#7 D:\wamp6 in D:\wamp64\www\woocommerce3\wp-content\themes\woocommerce\inc\woocommerce.php on line 108

2022-01-18T18:19:40+00:00 CRITICAL Uncaught Error: Call to a member function is_type() on null in D:\wamp64\www\woocommerce3\wp-content\themes\woocommerce\inc\woocommerce.php:108
Stack trace:
#0 D:\wamp64\www\woocommerce3\wp-includes\class-wp-hook.php(303): wc_loop_add_to_cart_link(NULL, NULL, Array)
#1 D:\wamp64\www\woocommerce3\wp-includes\plugin.php(189): WP_Hook->apply_filters(NULL, Array)
#2 D:\wamp64\www\woocommerce3\wp-content\themes\woocommerce\woocommerce\cart\mini-cart.php(67): apply_filters('woocommerce_loo...', NULL, NULL, Array)
#3 D:\wamp64\www\woocommerce3\wp-content\plugins\woocommerce\includes\wc-core-functions.php(345): include('D:\\wamp64\\www\\w...')
#4 D:\wamp64\www\woocommerce3\wp-content\plugins\woocommerce\includes\wc-template-functions.php(2218): wc_get_template('cart/mini-cart....', Array)
#5 D:\wamp64\www\woocommerce3\wp-content\plugins\woocommerce\includes\class-wc-ajax.php(183): woocommerce_mini_cart()
#6 D:\wamp64\www\woocommerce3\wp-includes\class-wp-hook.php(303): WC_AJAX::get_refreshed_fragments('')
#7 D:\wamp6 in D:\wamp64\www\woocommerce3\wp-content\themes\woocommerce\inc\woocommerce.php on line 108

2022-01-18T18:21:06+00:00 CRITICAL Uncaught Error: Call to a member function is_type() on null in D:\wamp64\www\woocommerce3\wp-content\themes\woocommerce\inc\woocommerce.php:108
Stack trace:
#0 D:\wamp64\www\woocommerce3\wp-includes\class-wp-hook.php(303): wc_loop_add_to_cart_link(NULL, NULL, Array)
#1 D:\wamp64\www\woocommerce3\wp-includes\plugin.php(189): WP_Hook->apply_filters(NULL, Array)
#2 D:\wamp64\www\woocommerce3\wp-content\themes\woocommerce\woocommerce\cart\mini-cart.php(67): apply_filters('woocommerce_loo...', NULL, NULL, Array)
#3 D:\wamp64\www\woocommerce3\wp-content\plugins\woocommerce\includes\wc-core-functions.php(345): include('D:\\wamp64\\www\\w...')
#4 D:\wamp64\www\woocommerce3\wp-content\plugins\woocommerce\includes\wc-template-functions.php(2218): wc_get_template('cart/mini-cart....', Array)
#5 D:\wamp64\www\woocommerce3\wp-content\plugins\woocommerce\includes\class-wc-ajax.php(183): woocommerce_mini_cart()
#6 D:\wamp64\www\woocommerce3\wp-includes\class-wp-hook.php(303): WC_AJAX::get_refreshed_fragments('')
#7 D:\wamp6 in D:\wamp64\www\woocommerce3\wp-content\themes\woocommerce\inc\woocommerce.php on line 108

2022-01-18T18:29:17+00:00 CRITICAL Uncaught ArgumentCountError: Too few arguments to function wc_add_css_class_checkout_fields(), 1 passed in D:\wamp64\www\woocommerce3\wp-includes\class-wp-hook.php on line 305 and exactly 3 expected in D:\wamp64\www\woocommerce3\wp-content\themes\woocommerce\inc\woocommerce.php:336
Stack trace:
#0 D:\wamp64\www\woocommerce3\wp-includes\class-wp-hook.php(305): wc_add_css_class_checkout_fields(Array)
#1 D:\wamp64\www\woocommerce3\wp-includes\plugin.php(189): WP_Hook->apply_filters(Array, Array)
#2 D:\wamp64\www\woocommerce3\wp-content\plugins\woocommerce\includes\wc-template-functions.php(2741): apply_filters('woocommerce_for...', Array, 'billing_first_n...', NULL)
#3 D:\wamp64\www\woocommerce3\wp-content\plugins\woocommerce\templates\checkout\form-billing.php(39): woocommerce_form_field('billing_first_n...', Array, NULL)
#4 D:\wamp64\www\woocommerce3\wp-content\plugins\woocommerce\includes\wc-core-functions.php(345): include('D:\\wamp64\\www\\w...')
#5 D:\wamp64\www\woocommerce3\wp-content\plugins\woocommerce\ in D:\wamp64\www\woocommerce3\wp-content\themes\woocommerce\inc\woocommerce.php on line 336

2022-01-18T18:30:29+00:00 CRITICAL Uncaught ArgumentCountError: Too few arguments to function wc_add_css_class_checkout_fields(), 1 passed in D:\wamp64\www\woocommerce3\wp-includes\class-wp-hook.php on line 305 and exactly 3 expected in D:\wamp64\www\woocommerce3\wp-content\themes\woocommerce\inc\woocommerce.php:336
Stack trace:
#0 D:\wamp64\www\woocommerce3\wp-includes\class-wp-hook.php(305): wc_add_css_class_checkout_fields(Array)
#1 D:\wamp64\www\woocommerce3\wp-includes\plugin.php(189): WP_Hook->apply_filters(Array, Array)
#2 D:\wamp64\www\woocommerce3\wp-content\plugins\woocommerce\includes\wc-template-functions.php(2741): apply_filters('woocommerce_for...', Array, 'billing_first_n...', NULL)
#3 D:\wamp64\www\woocommerce3\wp-content\plugins\woocommerce\templates\checkout\form-billing.php(39): woocommerce_form_field('billing_first_n...', Array, NULL)
#4 D:\wamp64\www\woocommerce3\wp-content\plugins\woocommerce\includes\wc-core-functions.php(345): include('D:\\wamp64\\www\\w...')
#5 D:\wamp64\www\woocommerce3\wp-content\plugins\woocommerce\ in D:\wamp64\www\woocommerce3\wp-content\themes\woocommerce\inc\woocommerce.php on line 336

2022-01-18T18:31:19+00:00 CRITICAL Uncaught ArgumentCountError: Too few arguments to function wc_add_css_class_checkout_fields(), 1 passed in D:\wamp64\www\woocommerce3\wp-includes\class-wp-hook.php on line 305 and exactly 3 expected in D:\wamp64\www\woocommerce3\wp-content\themes\woocommerce\inc\woocommerce.php:336
Stack trace:
#0 D:\wamp64\www\woocommerce3\wp-includes\class-wp-hook.php(305): wc_add_css_class_checkout_fields(Array)
#1 D:\wamp64\www\woocommerce3\wp-includes\plugin.php(189): WP_Hook->apply_filters(Array, Array)
#2 D:\wamp64\www\woocommerce3\wp-content\plugins\woocommerce\includes\wc-template-functions.php(2741): apply_filters('woocommerce_for...', Array, 'billing_first_n...', NULL)
#3 D:\wamp64\www\woocommerce3\wp-content\plugins\woocommerce\templates\checkout\form-billing.php(39): woocommerce_form_field('billing_first_n...', Array, NULL)
#4 D:\wamp64\www\woocommerce3\wp-content\plugins\woocommerce\includes\wc-core-functions.php(345): include('D:\\wamp64\\www\\w...')
#5 D:\wamp64\www\woocommerce3\wp-content\plugins\woocommerce\ in D:\wamp64\www\woocommerce3\wp-content\themes\woocommerce\inc\woocommerce.php on line 336

2022-01-18T18:31:49+00:00 CRITICAL Uncaught Error: Call to a member function is_type() on null in D:\wamp64\www\woocommerce3\wp-content\themes\woocommerce\inc\woocommerce.php:108
Stack trace:
#0 D:\wamp64\www\woocommerce3\wp-includes\class-wp-hook.php(303): wc_loop_add_to_cart_link(NULL, NULL, Array)
#1 D:\wamp64\www\woocommerce3\wp-includes\plugin.php(189): WP_Hook->apply_filters(NULL, Array)
#2 D:\wamp64\www\woocommerce3\wp-content\themes\woocommerce\woocommerce\cart\mini-cart.php(67): apply_filters('woocommerce_loo...', NULL, NULL, Array)
#3 D:\wamp64\www\woocommerce3\wp-content\plugins\woocommerce\includes\wc-core-functions.php(345): include('D:\\wamp64\\www\\w...')
#4 D:\wamp64\www\woocommerce3\wp-content\plugins\woocommerce\includes\wc-template-functions.php(2218): wc_get_template('cart/mini-cart....', Array)
#5 D:\wamp64\www\woocommerce3\wp-content\plugins\woocommerce\includes\class-wc-ajax.php(183): woocommerce_mini_cart()
#6 D:\wamp64\www\woocommerce3\wp-includes\class-wp-hook.php(303): WC_AJAX::get_refreshed_fragments('')
#7 D:\wamp6 in D:\wamp64\www\woocommerce3\wp-content\themes\woocommerce\inc\woocommerce.php on line 108

2022-01-18T18:36:27+00:00 CRITICAL Uncaught Error: Call to a member function is_type() on null in D:\wamp64\www\woocommerce3\wp-content\themes\woocommerce\inc\woocommerce.php:108
Stack trace:
#0 D:\wamp64\www\woocommerce3\wp-includes\class-wp-hook.php(303): wc_loop_add_to_cart_link(NULL, NULL, Array)
#1 D:\wamp64\www\woocommerce3\wp-includes\plugin.php(189): WP_Hook->apply_filters(NULL, Array)
#2 D:\wamp64\www\woocommerce3\wp-content\themes\woocommerce\woocommerce\cart\mini-cart.php(67): apply_filters('woocommerce_loo...', NULL, NULL, Array)
#3 D:\wamp64\www\woocommerce3\wp-content\plugins\woocommerce\includes\wc-core-functions.php(345): include('D:\\wamp64\\www\\w...')
#4 D:\wamp64\www\woocommerce3\wp-content\plugins\woocommerce\includes\wc-template-functions.php(2218): wc_get_template('cart/mini-cart....', Array)
#5 D:\wamp64\www\woocommerce3\wp-content\plugins\woocommerce\includes\class-wc-ajax.php(183): woocommerce_mini_cart()
#6 D:\wamp64\www\woocommerce3\wp-includes\class-wp-hook.php(303): WC_AJAX::get_refreshed_fragments('')
#7 D:\wamp6 in D:\wamp64\www\woocommerce3\wp-content\themes\woocommerce\inc\woocommerce.php on line 108

2022-01-18T18:36:45+00:00 CRITICAL Uncaught Error: Call to a member function is_type() on null in D:\wamp64\www\woocommerce3\wp-content\themes\woocommerce\inc\woocommerce.php:108
Stack trace:
#0 D:\wamp64\www\woocommerce3\wp-includes\class-wp-hook.php(303): wc_loop_add_to_cart_link(NULL, NULL, Array)
#1 D:\wamp64\www\woocommerce3\wp-includes\plugin.php(189): WP_Hook->apply_filters(NULL, Array)
#2 D:\wamp64\www\woocommerce3\wp-content\themes\woocommerce\woocommerce\cart\mini-cart.php(67): apply_filters('woocommerce_loo...', NULL, NULL, Array)
#3 D:\wamp64\www\woocommerce3\wp-content\plugins\woocommerce\includes\wc-core-functions.php(345): include('D:\\wamp64\\www\\w...')
#4 D:\wamp64\www\woocommerce3\wp-content\plugins\woocommerce\includes\wc-template-functions.php(2218): wc_get_template('cart/mini-cart....', Array)
#5 D:\wamp64\www\woocommerce3\wp-content\plugins\woocommerce\includes\class-wc-ajax.php(183): woocommerce_mini_cart()
#6 D:\wamp64\www\woocommerce3\wp-includes\class-wp-hook.php(303): WC_AJAX::get_refreshed_fragments('')
#7 D:\wamp6 in D:\wamp64\www\woocommerce3\wp-content\themes\woocommerce\inc\woocommerce.php on line 108

2022-01-18T18:50:27+00:00 CRITICAL Uncaught Error: Call to a member function is_type() on null in D:\wamp64\www\woocommerce3\wp-content\themes\woocommerce\inc\woocommerce.php:111
Stack trace:
#0 D:\wamp64\www\woocommerce3\wp-includes\class-wp-hook.php(303): wc_loop_add_to_cart_link(NULL, NULL, Array)
#1 D:\wamp64\www\woocommerce3\wp-includes\plugin.php(189): WP_Hook->apply_filters(NULL, Array)
#2 D:\wamp64\www\woocommerce3\wp-content\themes\woocommerce\woocommerce\cart\mini-cart.php(67): apply_filters('woocommerce_loo...', NULL, NULL, Array)
#3 D:\wamp64\www\woocommerce3\wp-content\plugins\woocommerce\includes\wc-core-functions.php(345): include('D:\\wamp64\\www\\w...')
#4 D:\wamp64\www\woocommerce3\wp-content\plugins\woocommerce\includes\wc-template-functions.php(2218): wc_get_template('cart/mini-cart....', Array)
#5 D:\wamp64\www\woocommerce3\wp-content\plugins\woocommerce\includes\class-wc-ajax.php(183): woocommerce_mini_cart()
#6 D:\wamp64\www\woocommerce3\wp-includes\class-wp-hook.php(303): WC_AJAX::get_refreshed_fragments('')
#7 D:\wamp6 in D:\wamp64\www\woocommerce3\wp-content\themes\woocommerce\inc\woocommerce.php on line 111

2022-01-18T18:51:23+00:00 CRITICAL Uncaught Error: Call to a member function is_type() on null in D:\wamp64\www\woocommerce3\wp-content\themes\woocommerce\inc\woocommerce.php:111
Stack trace:
#0 D:\wamp64\www\woocommerce3\wp-includes\class-wp-hook.php(303): wc_loop_add_to_cart_link(NULL, NULL, Array)
#1 D:\wamp64\www\woocommerce3\wp-includes\plugin.php(189): WP_Hook->apply_filters(NULL, Array)
#2 D:\wamp64\www\woocommerce3\wp-content\themes\woocommerce\woocommerce\cart\mini-cart.php(67): apply_filters('woocommerce_loo...', NULL, NULL, Array)
#3 D:\wamp64\www\woocommerce3\wp-content\plugins\woocommerce\includes\wc-core-functions.php(345): include('D:\\wamp64\\www\\w...')
#4 D:\wamp64\www\woocommerce3\wp-content\plugins\woocommerce\includes\wc-template-functions.php(2218): wc_get_template('cart/mini-cart....', Array)
#5 D:\wamp64\www\woocommerce3\wp-content\plugins\woocommerce\includes\class-wc-ajax.php(183): woocommerce_mini_cart()
#6 D:\wamp64\www\woocommerce3\wp-includes\class-wp-hook.php(303): WC_AJAX::get_refreshed_fragments('')
#7 D:\wamp6 in D:\wamp64\www\woocommerce3\wp-content\themes\woocommerce\inc\woocommerce.php on line 111

2022-01-18T19:00:28+00:00 CRITICAL Uncaught Error: Call to a member function is_type() on null in D:\wamp64\www\woocommerce3\wp-content\themes\woocommerce\inc\woocommerce.php:115
Stack trace:
#0 D:\wamp64\www\woocommerce3\wp-includes\class-wp-hook.php(303): wc_loop_add_to_cart_link(NULL, NULL, Array)
#1 D:\wamp64\www\woocommerce3\wp-includes\plugin.php(189): WP_Hook->apply_filters(NULL, Array)
#2 D:\wamp64\www\woocommerce3\wp-content\themes\woocommerce\woocommerce\cart\mini-cart.php(67): apply_filters('woocommerce_loo...', NULL, NULL, Array)
#3 D:\wamp64\www\woocommerce3\wp-content\plugins\woocommerce\includes\wc-core-functions.php(345): include('D:\\wamp64\\www\\w...')
#4 D:\wamp64\www\woocommerce3\wp-content\plugins\woocommerce\includes\wc-template-functions.php(2218): wc_get_template('cart/mini-cart....', Array)
#5 D:\wamp64\www\woocommerce3\wp-content\plugins\woocommerce\includes\class-wc-ajax.php(183): woocommerce_mini_cart()
#6 D:\wamp64\www\woocommerce3\wp-includes\class-wp-hook.php(303): WC_AJAX::get_refreshed_fragments('')
#7 D:\wamp6 in D:\wamp64\www\woocommerce3\wp-content\themes\woocommerce\inc\woocommerce.php on line 115

2022-01-18T19:01:58+00:00 CRITICAL Uncaught Error: Call to a member function is_type() on null in D:\wamp64\www\woocommerce3\wp-content\themes\woocommerce\inc\woocommerce.php:115
Stack trace:
#0 D:\wamp64\www\woocommerce3\wp-includes\class-wp-hook.php(303): wc_loop_add_to_cart_link(NULL, NULL, Array)
#1 D:\wamp64\www\woocommerce3\wp-includes\plugin.php(189): WP_Hook->apply_filters(NULL, Array)
#2 D:\wamp64\www\woocommerce3\wp-content\themes\woocommerce\woocommerce\cart\mini-cart.php(67): apply_filters('woocommerce_loo...', NULL, NULL, Array)
#3 D:\wamp64\www\woocommerce3\wp-content\plugins\woocommerce\includes\wc-core-functions.php(345): include('D:\\wamp64\\www\\w...')
#4 D:\wamp64\www\woocommerce3\wp-content\plugins\woocommerce\includes\wc-template-functions.php(2218): wc_get_template('cart/mini-cart....', Array)
#5 D:\wamp64\www\woocommerce3\wp-content\plugins\woocommerce\includes\class-wc-ajax.php(183): woocommerce_mini_cart()
#6 D:\wamp64\www\woocommerce3\wp-includes\class-wp-hook.php(303): WC_AJAX::get_refreshed_fragments('')
#7 D:\wamp6 in D:\wamp64\www\woocommerce3\wp-content\themes\woocommerce\inc\woocommerce.php on line 115

2022-01-18T19:18:56+00:00 CRITICAL Uncaught Error: Call to a member function is_type() on null in D:\wamp64\www\woocommerce3\wp-content\themes\woocommerce\inc\woocommerce.php:117
Stack trace:
#0 D:\wamp64\www\woocommerce3\wp-includes\class-wp-hook.php(303): wc_loop_add_to_cart_link(NULL, NULL, Array)
#1 D:\wamp64\www\woocommerce3\wp-includes\plugin.php(189): WP_Hook->apply_filters(NULL, Array)
#2 D:\wamp64\www\woocommerce3\wp-content\themes\woocommerce\woocommerce\cart\mini-cart.php(67): apply_filters('woocommerce_loo...', NULL, NULL, Array)
#3 D:\wamp64\www\woocommerce3\wp-content\plugins\woocommerce\includes\wc-core-functions.php(345): include('D:\\wamp64\\www\\w...')
#4 D:\wamp64\www\woocommerce3\wp-content\plugins\woocommerce\includes\wc-template-functions.php(2218): wc_get_template('cart/mini-cart....', Array)
#5 D:\wamp64\www\woocommerce3\wp-content\plugins\woocommerce\includes\class-wc-ajax.php(183): woocommerce_mini_cart()
#6 D:\wamp64\www\woocommerce3\wp-includes\class-wp-hook.php(303): WC_AJAX::get_refreshed_fragments('')
#7 D:\wamp6 in D:\wamp64\www\woocommerce3\wp-content\themes\woocommerce\inc\woocommerce.php on line 117

